<?xml version="1.0" encoding="UTF-8"?>
<!-- Generated by org.testng.reporters.JUnitReportReporter -->
<testsuite hostname="Nagajothis-MacBook-Pro.local" failures="0" tests="1" name="tests.RegistrationTest" time="70.044" errors="0" timestamp="2023-06-24T14:01:38 NZST" skipped="0">
  <testcase classname="tests.RegistrationTest" name="verifyRegistraion" time="70.044"/>
</testsuite> <!-- tests.RegistrationTest -->
